TN:
SF:D:/charles/code/teamwork/server/index.js
FN:25,(anonymous_1)
FNF:1
FNH:1
FNDA:1,(anonymous_1)
DA:1,1
DA:3,1
DA:4,1
DA:5,1
DA:6,1
DA:7,1
DA:9,1
DA:10,1
DA:11,1
DA:12,1
DA:13,1
DA:15,1
DA:17,1
DA:18,1
DA:25,1
LF:15
LH:15
BRDA:17,0,0,1
BRDA:17,0,1,0
BRF:2
BRH:1
end_of_record
TN:
SF:D:/charles/code/teamwork/server/Database/index.js
FNF:0
FNH:0
DA:1,1
DA:2,1
DA:4,1
DA:5,1
DA:6,0
DA:12,1
DA:13,1
DA:19,0
DA:20,0
LF:9
LH:6
BRDA:5,0,0,0
BRDA:5,0,1,1
BRDA:12,1,0,1
BRDA:12,1,1,0
BRDA:19,2,0,0
BRDA:19,2,1,0
BRF:6
BRH:2
end_of_record
TN:
SF:D:/charles/code/teamwork/server/controller/AuthController.js
FN:5,createUserWithEmailandPassword
FNF:1
FNH:1
FNDA:2,createUserWithEmailandPassword
DA:1,1
DA:2,1
DA:3,1
DA:5,1
DA:6,2
DA:7,2
DA:8,2
DA:9,2
DA:10,2
DA:11,2
DA:12,1
DA:14,1
DA:15,1
DA:17,1
DA:18,1
DA:21,1
DA:28,0
DA:29,0
LF:18
LH:16
BRDA:11,0,0,1
BRDA:11,0,1,1
BRF:2
BRH:2
end_of_record
TN:
SF:D:/charles/code/teamwork/server/helper/index.js
FN:13,trimWhiteSpace
FN:17,(anonymous_4)
FN:33,connectToDb
FN:34,(anonymous_6)
FN:35,(anonymous_7)
FN:51,executeQuery
FN:52,(anonymous_9)
FN:53,(anonymous_10)
FN:54,(anonymous_11)
FN:65,(anonymous_12)
FN:78,assignToken
FN:80,(anonymous_14)
FN:81,(anonymous_15)
FN:91,displayMessage
FNF:14
FNH:13
FNDA:2,trimWhiteSpace
FNDA:16,(anonymous_4)
FNDA:6,connectToDb
FNDA:6,(anonymous_6)
FNDA:6,(anonymous_7)
FNDA:6,executeQuery
FNDA:6,(anonymous_9)
FNDA:6,(anonymous_10)
FNDA:6,(anonymous_11)
FNDA:0,(anonymous_12)
FNDA:1,assignToken
FNDA:1,(anonymous_14)
FNDA:1,(anonymous_15)
FNDA:2,displayMessage
DA:1,1
DA:2,1
DA:13,1
DA:14,2
DA:17,2
DA:18,16
DA:19,16
DA:22,2
DA:33,1
DA:34,6
DA:35,6
DA:36,6
DA:37,0
DA:39,6
DA:51,1
DA:52,6
DA:53,6
DA:54,6
DA:55,6
DA:56,6
DA:57,0
DA:59,6
DA:66,0
DA:78,1
DA:79,1
DA:80,1
DA:81,1
DA:82,1
DA:83,0
DA:85,1
DA:91,1
DA:92,2
DA:93,0
DA:94,0
DA:95,0
DA:96,0
DA:98,2
DA:99,2
DA:100,2
LF:39
LH:31
BRDA:14,0,0,2
BRDA:14,0,1,0
BRDA:14,1,0,2
BRDA:14,1,1,2
BRDA:14,1,2,2
BRDA:14,1,3,2
BRDA:14,2,0,0
BRDA:14,2,1,2
BRDA:18,3,0,16
BRDA:18,3,1,0
BRDA:18,4,0,16
BRDA:18,4,1,16
BRDA:18,4,2,16
BRDA:36,5,0,0
BRDA:36,5,1,6
BRDA:56,6,0,0
BRDA:56,6,1,6
BRDA:79,7,0,1
BRDA:79,7,1,0
BRDA:82,8,0,0
BRDA:82,8,1,1
BRDA:92,9,0,0
BRDA:92,9,1,2
BRF:23
BRH:15
end_of_record
TN:
SF:D:/charles/code/teamwork/server/middleware/Auth.js
FN:4,validateEmailandPassword
FN:28,validateRequestParams
FNF:2
FNH:2
FNDA:3,validateEmailandPassword
FNDA:2,validateRequestParams
DA:1,1
DA:4,3
DA:5,3
DA:6,3
DA:7,3
DA:8,2
DA:9,2
DA:10,0
DA:16,1
DA:17,1
DA:21,2
DA:22,0
DA:26,2
DA:28,2
DA:29,2
DA:30,2
DA:31,0
DA:35,2
DA:36,0
DA:40,2
DA:41,0
DA:45,2
DA:46,0
DA:50,2
DA:51,0
DA:55,2
LF:26
LH:19
BRDA:7,0,0,2
BRDA:7,0,1,1
BRDA:9,1,0,0
BRDA:9,1,1,2
BRDA:21,2,0,0
BRDA:21,2,1,2
BRDA:21,3,0,2
BRDA:21,3,1,2
BRDA:30,4,0,0
BRDA:30,4,1,2
BRDA:30,5,0,2
BRDA:30,5,1,2
BRDA:35,6,0,0
BRDA:35,6,1,2
BRDA:35,7,0,2
BRDA:35,7,1,2
BRDA:40,8,0,0
BRDA:40,8,1,2
BRDA:40,9,0,2
BRDA:40,9,1,2
BRDA:45,10,0,0
BRDA:45,10,1,2
BRDA:45,11,0,2
BRDA:45,11,1,2
BRDA:50,12,0,0
BRDA:50,12,1,2
BRDA:50,13,0,2
BRDA:50,13,1,2
BRF:28
BRH:21
end_of_record
TN:
SF:D:/charles/code/teamwork/server/model/index.js
FNF:0
FNH:0
DA:1,1
DA:12,1
LF:2
LH:2
BRF:0
BRH:0
end_of_record
TN:
SF:D:/charles/code/teamwork/server/routes/authRoute.js
FNF:0
FNH:0
DA:1,1
DA:2,1
DA:3,1
DA:4,1
DA:6,1
LF:5
LH:5
BRF:0
BRH:0
end_of_record
TN:
SF:D:/charles/code/teamwork/server/scripts/Auth.js
FN:2,createUser
FNF:1
FNH:1
FNDA:1,createUser
DA:2,1
DA:3,1
LF:2
LH:2
BRF:0
BRH:0
end_of_record
TN:
SF:D:/charles/code/teamwork/server/test/test.js
FN:14,(anonymous_1)
FN:15,(anonymous_2)
FN:19,(anonymous_3)
FN:21,(anonymous_4)
FN:26,(anonymous_5)
FN:28,(anonymous_6)
FN:30,(anonymous_7)
FN:35,(anonymous_8)
FN:37,(anonymous_9)
FN:38,(anonymous_10)
FN:49,(anonymous_11)
FN:50,(anonymous_12)
FN:62,(anonymous_13)
FN:64,(anonymous_14)
FN:65,(anonymous_15)
FNF:15
FNH:13
FNDA:1,(anonymous_1)
FNDA:1,(anonymous_2)
FNDA:1,(anonymous_3)
FNDA:0,(anonymous_4)
FNDA:1,(anonymous_5)
FNDA:1,(anonymous_6)
FNDA:0,(anonymous_7)
FNDA:1,(anonymous_8)
FNDA:1,(anonymous_9)
FNDA:1,(anonymous_10)
FNDA:1,(anonymous_11)
FNDA:1,(anonymous_12)
FNDA:1,(anonymous_13)
FNDA:1,(anonymous_14)
FNDA:1,(anonymous_15)
DA:2,1
DA:3,1
DA:4,1
DA:8,1
DA:9,1
DA:10,1
DA:11,1
DA:12,1
DA:14,1
DA:15,1
DA:16,1
DA:19,1
DA:20,1
DA:22,0
DA:23,0
DA:26,1
DA:27,1
DA:28,1
DA:29,1
DA:31,0
DA:32,0
DA:35,1
DA:37,1
DA:38,1
DA:39,1
DA:40,0
DA:41,1
DA:42,1
DA:43,1
DA:44,1
DA:45,1
DA:46,1
DA:49,1
DA:50,1
DA:51,1
DA:52,0
DA:53,1
DA:54,1
DA:55,1
DA:56,1
DA:62,1
DA:64,1
DA:65,1
DA:66,1
DA:67,0
DA:68,1
DA:69,1
DA:70,1
DA:71,1
LF:49
LH:42
BRDA:39,0,0,0
BRDA:39,0,1,1
BRDA:51,1,0,0
BRDA:51,1,1,1
BRDA:66,2,0,0
BRDA:66,2,1,1
BRF:6
BRH:3
end_of_record
